<?xml version="1.0" encoding="UTF-8"?>
<!-- Generated by org.testng.reporters.JUnitReportReporter -->
<testsuite hostname="NAVEEN" failures="0" tests="2" name="com.graphql.queries" time="4.080" errors="0" timestamp="2024-10-21T16:40:01 IST" skipped="0">
  <testcase classname="com.graphql.queries" name="queries" time="0.810"/>
  <testcase classname="com.graphql.queries" name="mutations" time="3.270"/>
</testsuite> <!-- com.graphql.queries -->
